<?xml version="1.0" encoding="UTF-8"?>
<beans xmlns="http://www.springframework.org/schema/beans"
       xmlns:xsi="http://www.w3.org/2001/XMLSchema-instance"
       xmlns:context="http://www.springframework.org/schema/context"
       xsi:schemaLocation="http://www.springframework.org/schema/beans http://www.springframework.org/schema/beans/spring-beans.xsd
       http://www.springframework.org/schema/context http://www.springframework.org/schema/context/spring-context.xsd">

       <bean id="mysqlXML" class="net.virtalab.databazer.mysql.MySQLDataSource">
           <property name="name" value="MyDB"/>
           <property name="username" value="myuser" />
           <property name="password" value="passa" />
           <!-- the rest left by default -->
       </bean>

       <bean id="h2XML" class="net.virtalab.databazer.h2.H2DataSource">
           <property name="name" value="h2Db" />
           <property name="username" value="sa" />
           <property name="password" value="h2Pass" />
           <!-- the rest left by default -->
       </bean>

    <!-- Java defined beans -->
    <context:component-scan base-package="net.virtalab.databazer.test.configs" />
</beans>