<?xml version="1.0" encoding="UTF-8"?>
<beans xmlns="http://www.springframework.org/schema/beans"
       xmlns:xsi="http://www.w3.org/2001/XMLSchema-instance"
       xsi:schemaLocation="http://www.springframework.org/schema/beans http://www.springframework.org/schema/beans/spring-beans.xsd">
       <bean id="mysqlXML" class="net.virtalab.databazer.mysql.MySQLDataSource">
           <property name="name" value="MyDB"/>
           <property name="username" value="myuser" />
           <property name="password" value="passa" />
           <!-- the rest left by default -->
       </bean>

</beans>